Arguments: 
  /usr/bin/node /usr/share/yarn/bin/yarn.js add sass bootstrap bootstrap-icons @popperjs/core postcss postcss-cli autoprefixer nodemon

PATH: 
  /home/vagrant/.rbenv/versions/3.2.0/lib/ruby/gems/3.2.0/bin:/home/vagrant/.rbenv/versions/3.2.0/bin:/home/vagrant/.rbenv/libexec:/home/vagrant/.rbenv/plugins/ruby-build/bin:/home/vagrant/.rbenv/shims:/home/vagrant/.rbenv/bin:/usr/local/sbin:/usr/local/bin:/usr/sbin:/usr/bin:/sbin:/bin:/usr/games:/usr/local/games:/snap/bin

Yarn version: 
  1.22.19

Node version: 
  14.21.3

Platform: 
  linux x64

Trace: 
  Error: EPROTO: protocol error, symlink '../../../browserslist/cli.js' -> '/vagrant/modulo6/desafio/TheRiaslNews/node_modules/autoprefixer/node_modules/.bin/browserslist'

npm manifest: 
  {
    "name": "app",
    "private": "true",
    "dependencies": {
      "@hotwired/stimulus": "^3.2.1"
    }
  }

yarn manifest: 
  No manifest

Lockfile: 
  # THIS IS AN AUTOGENERATED FILE. DO NOT EDIT THIS FILE DIRECTLY.
  # yarn lockfile v1
  
  
  "@hotwired/stimulus@^3.2.1":
    version "3.2.1"
    resolved "https://registry.yarnpkg.com/@hotwired/stimulus/-/stimulus-3.2.1.tgz#e3de23623b0c52c247aba4cd5d530d257008676b"
    integrity sha512-HGlzDcf9vv/EQrMJ5ZG6VWNs8Z/xMN+1o2OhV1gKiSG6CqZt5MCBB1gRg5ILiN3U0jEAxuDTNPRfBcnZBDmupQ==
